[0m2021.11.30 14:06:03 INFO  Started: Metals version 0.10.9 in workspace '/home/felipev/Documents/Proyectos_Personales/Scala Specialization (Coursera)/scala-project' for client Code - OSS 1.61.0.[0m
[0m2021.11.30 14:06:05 INFO  time: initialize in 2.11s[0m
[0m2021.11.30 14:06:05 WARN  Build server is not auto-connectable.[0m
[0m2021.11.30 14:11:40 INFO  running '/usr/lib/jvm/default/bin/java -Djline.terminal=jline.UnsupportedTerminal -Dsbt.log.noformat=true -Dfile.encoding=UTF-8 -jar /tmp/metals11756070396748345020/sbt-launch.jar -Dbloop.export-jar-classifiers=sources bloopInstall'[0m
[0m2021.11.30 14:11:40 ERROR [info] [launcher] getting org.scala-sbt sbt 1.5.2  (this may take some time)...[0m
[0m2021.11.30 14:11:40 WARN  no build target for: /home/felipev/Documents/Proyectos_Personales/Scala Specialization (Coursera)/scala-project/project/metals.sbt[0m
[0m2021.11.30 14:11:40 WARN  no build target for: /home/felipev/Documents/Proyectos_Personales/Scala Specialization (Coursera)/scala-project/project/project/metals.sbt[0m
[0m2021.11.30 14:11:40 INFO  skipping build import with status 'Started'[0m
[0m2021.11.30 14:11:43 INFO  no build target: using presentation compiler with only scala-library: 3.1.0[0m
[0m2021.11.30 14:13:03 ERROR downloading https://repo1.maven.org/maven2/org/scala-sbt/sbt/1.5.2/sbt-1.5.2.jar ...[0m
[0m2021.11.30 14:13:03 ERROR downloading https://repo1.maven.org/maven2/org/scala-sbt/io_2.12/1.5.0/io_2.12-1.5.0.jar ...[0m
[0m2021.11.30 14:13:03 ERROR downloading https://repo1.maven.org/maven2/org/scala-sbt/logic_2.12/1.5.2/logic_2.12-1.5.2.jar ...[0m
[0m2021.11.30 14:13:03 ERROR downloading https://repo1.maven.org/maven2/org/scala-sbt/actions_2.12/1.5.2/actions_2.12-1.5.2.jar ...[0m
[0m2021.11.30 14:13:03 ERROR downloading https://repo1.maven.org/maven2/org/scala-sbt/main-settings_2.12/1.5.2/main-settings_2.12-1.5.2.jar ...[0m
[0m2021.11.30 14:13:03 ERROR downloading https://repo1.maven.org/maven2/org/scala-sbt/run_2.12/1.5.2/run_2.12-1.5.2.jar ...[0m
[0m2021.11.30 14:13:03 ERROR downloading https://repo1.maven.org/maven2/org/scala-lang/scala-library/2.12.13/scala-library-2.12.13.jar ...[0m
[0m2021.11.30 14:13:03 ERROR downloading https://repo1.maven.org/maven2/org/scala-sbt/main_2.12/1.5.2/main_2.12-1.5.2.jar ...[0m
[0m2021.11.30 14:13:03 ERROR :: loading settings :: url = jar:file:/tmp/metals11756070396748345020/sbt-launch.jar!/org/apache/ivy/core/settings/ivysettings.xml[0m
[0m2021.11.30 14:13:03 ERROR :: loading settings :: url = jar:file:/tmp/metals11756070396748345020/sbt-launch.jar!/org/apache/ivy/core/settings/ivysettings.xml[0m
[0m2021.11.30 14:13:03 ERROR :: loading settings :: url = jar:file:/tmp/metals11756070396748345020/sbt-launch.jar!/org/apache/ivy/core/settings/ivysettings.xml[0m
[0m2021.11.30 14:13:03 ERROR :: loading settings :: url = jar:file:/tmp/metals11756070396748345020/sbt-launch.jar!/org/apache/ivy/core/settings/ivysettings.xml[0m
[0m2021.11.30 14:13:03 ERROR :: loading settings :: url = jar:file:/tmp/metals11756070396748345020/sbt-launch.jar!/org/apache/ivy/core/settings/ivysettings.xml[0m
[0m2021.11.30 14:13:03 ERROR :: loading settings :: url = jar:file:/tmp/metals11756070396748345020/sbt-launch.jar!/org/apache/ivy/core/settings/ivysettings.xml[0m
[0m2021.11.30 14:13:03 ERROR :: loading settings :: url = jar:file:/tmp/metals11756070396748345020/sbt-launch.jar!/org/apache/ivy/core/settings/ivysettings.xml[0m
[0m2021.11.30 14:13:03 ERROR :: loading settings :: url = jar:file:/tmp/metals11756070396748345020/sbt-launch.jar!/org/apache/ivy/core/settings/ivysettings.xml[0m
[0m2021.11.30 14:13:03 ERROR 	[SUCCESSFUL ] org.scala-sbt#logic_2.12;1.5.2!logic_2.12.jar (784ms)[0m
[0m2021.11.30 14:13:03 ERROR downloading https://repo1.maven.org/maven2/org/scala-sbt/command_2.12/1.5.2/command_2.12-1.5.2.jar ...[0m
[0m2021.11.30 14:13:03 ERROR 	[SUCCESSFUL ] org.scala-sbt#run_2.12;1.5.2!run_2.12.jar (801ms)[0m
[0m2021.11.30 14:13:03 ERROR downloading https://repo1.maven.org/maven2/org/scala-sbt/collections_2.12/1.5.2/collections_2.12-1.5.2.jar ...[0m
[0m2021.11.30 14:13:03 ERROR 	[SUCCESSFUL ] org.scala-sbt#sbt;1.5.2!sbt.jar (843ms)[0m
[0m2021.11.30 14:13:03 ERROR downloading https://repo1.maven.org/maven2/org/scala-sbt/scripted-plugin_2.12/1.5.2/scripted-plugin_2.12-1.5.2.jar ...[0m
[0m2021.11.30 14:13:03 ERROR 	[SUCCESSFUL ] org.scala-sbt#actions_2.12;1.5.2!actions_2.12.jar (930ms)[0m
[0m2021.11.30 14:13:03 ERROR downloading https://repo1.maven.org/maven2/org/scala-sbt/zinc-lm-integration_2.12/1.5.2/zinc-lm-integration_2.12-1.5.2.jar ...[0m
[0m2021.11.30 14:13:04 ERROR 	[SUCCESSFUL ] org.scala-sbt#io_2.12;1.5.0!io_2.12.jar (1082ms)[0m
[0m2021.11.30 14:13:04 ERROR downloading https://repo1.maven.org/maven2/org/scala-sbt/util-logging_2.12/1.5.2/util-logging_2.12-1.5.2.jar ...[0m
[0m2021.11.30 14:13:04 ERROR 	[SUCCESSFUL ] org.scala-sbt#main-settings_2.12;1.5.2!main-settings_2.12.jar (1065ms)[0m
[0m2021.11.30 14:13:04 ERROR downloading https://repo1.maven.org/maven2/org/scala-lang/modules/scala-xml_2.12/1.3.0/scala-xml_2.12-1.3.0.jar ...[0m
[0m2021.11.30 14:13:04 ERROR 	[SUCCESSFUL ] org.scala-lang#scala-library;2.12.13!scala-library.jar (1111ms)[0m
[0m2021.11.30 14:13:04 ERROR downloading https://repo1.maven.org/maven2/org/scala-sbt/launcher-interface/1.3.1/launcher-interface-1.3.1.jar ...[0m
[0m2021.11.30 14:13:04 ERROR 	[SUCCESSFUL ] org.scala-sbt#scripted-plugin_2.12;1.5.2!scripted-plugin_2.12.jar (322ms)[0m
[0m2021.11.30 14:13:04 ERROR downloading https://repo1.maven.org/maven2/com/github/ben-manes/caffeine/caffeine/2.8.5/caffeine-2.8.5.jar ...[0m
[0m2021.11.30 14:13:04 ERROR 	[SUCCESSFUL ] org.scala-sbt#zinc-lm-integration_2.12;1.5.2!zinc-lm-integration_2.12.jar (346ms)[0m
[0m2021.11.30 14:13:04 ERROR downloading https://repo1.maven.org/maven2/io/get-coursier/lm-coursier-shaded_2.12/2.0.8/lm-coursier-shaded_2.12-2.0.8.jar ...[0m
[0m2021.11.30 14:13:04 ERROR 	[SUCCESSFUL ] org.scala-sbt#collections_2.12;1.5.2!collections_2.12.jar (496ms)[0m
[0m2021.11.30 14:13:04 ERROR downloading https://repo1.maven.org/maven2/org/apache/logging/log4j/log4j-api/2.11.2/log4j-api-2.11.2.jar ...[0m
[0m2021.11.30 14:13:04 ERROR 	[SUCCESSFUL ] org.scala-sbt#command_2.12;1.5.2!command_2.12.jar (572ms)[0m
[0m2021.11.30 14:13:04 ERROR downloading https://repo1.maven.org/maven2/org/apache/logging/log4j/log4j-core/2.11.2/log4j-core-2.11.2.jar ...[0m
[0m2021.11.30 14:13:04 ERROR 	[SUCCESSFUL ] org.scala-sbt#launcher-interface;1.3.1!launcher-interface.jar (316ms)[0m
[0m2021.11.30 14:13:04 ERROR downloading https://repo1.maven.org/maven2/org/apache/logging/log4j/log4j-slf4j-impl/2.11.2/log4j-slf4j-impl-2.11.2.jar ...[0m
[0m2021.11.30 14:13:04 ERROR 	[SUCCESSFUL ] org.scala-sbt#util-logging_2.12;1.5.2!util-logging_2.12.jar (386ms)[0m
[0m2021.11.30 14:13:04 ERROR downloading https://repo1.maven.org/maven2/org/scala-sbt/librarymanagement-core_2.12/1.5.0/librarymanagement-core_2.12-1.5.0.jar ...[0m
[0m2021.11.30 14:13:04 ERROR 	[SUCCESSFUL ] org.scala-lang.modules#scala-xml_2.12;1.3.0!scala-xml_2.12.jar(bundle) (450ms)[0m
[0m2021.11.30 14:13:04 ERROR downloading https://repo1.maven.org/maven2/org/scala-sbt/librarymanagement-ivy_2.12/1.5.0/librarymanagement-ivy_2.12-1.5.0.jar ...[0m
[0m2021.11.30 14:13:04 ERROR 	[SUCCESSFUL ] org.scala-sbt#main_2.12;1.5.2!main_2.12.jar (1533ms)[0m
[0m2021.11.30 14:13:04 ERROR downloading https://repo1.maven.org/maven2/org/scala-sbt/compiler-interface/1.5.3/compiler-interface-1.5.3.jar ...[0m
[0m2021.11.30 14:13:04 ERROR 	[SUCCESSFUL ] org.apache.logging.log4j#log4j-api;2.11.2!log4j-api.jar (336ms)[0m
[0m2021.11.30 14:13:04 ERROR downloading https://repo1.maven.org/maven2/org/scala-sbt/zinc-compile_2.12/1.5.3/zinc-compile_2.12-1.5.3.jar ...[0m
[0m2021.11.30 14:13:04 ERROR 	[SUCCESSFUL ] com.github.ben-manes.caffeine#caffeine;2.8.5!caffeine.jar (582ms)[0m
[0m2021.11.30 14:13:04 ERROR downloading https://repo1.maven.org/maven2/org/scala-sbt/util-relation_2.12/1.5.2/util-relation_2.12-1.5.2.jar ...[0m
[0m2021.11.30 14:13:04 ERROR 	[SUCCESSFUL ] org.apache.logging.log4j#log4j-slf4j-impl;2.11.2!log4j-slf4j-impl.jar (336ms)[0m
[0m2021.11.30 14:13:04 ERROR downloading https://repo1.maven.org/maven2/org/scala-sbt/util-position_2.12/1.5.2/util-position_2.12-1.5.2.jar ...[0m
[0m2021.11.30 14:13:04 ERROR 	[SUCCESSFUL ] org.apache.logging.log4j#log4j-core;2.11.2!log4j-core.jar (429ms)[0m
[0m2021.11.30 14:13:04 ERROR downloading https://repo1.maven.org/maven2/com/eed3si9n/sjson-new-scalajson_2.12/0.9.1/sjson-new-scalajson_2.12-0.9.1.jar ...[0m
[0m2021.11.30 14:13:04 ERROR 	[SUCCESSFUL ] org.scala-sbt#librarymanagement-core_2.12;1.5.0!librarymanagement-core_2.12.jar (413ms)[0m
[0m2021.11.30 14:13:04 ERROR 	[SUCCESSFUL ] org.scala-sbt#compiler-interface;1.5.3!compiler-interface.jar (328ms)[0m
[0m2021.11.30 14:13:04 ERROR downloading https://repo1.maven.org/maven2/com/eed3si9n/sjson-new-core_2.12/0.9.1/sjson-new-core_2.12-0.9.1.jar ...[0m
[0m2021.11.30 14:13:04 ERROR downloading https://repo1.maven.org/maven2/org/scala-lang/scala-reflect/2.12.13/scala-reflect-2.12.13.jar ...[0m
[0m2021.11.30 14:13:04 ERROR 	[SUCCESSFUL ] org.scala-sbt#zinc-compile_2.12;1.5.3!zinc-compile_2.12.jar (315ms)[0m
[0m2021.11.30 14:13:04 ERROR downloading https://repo1.maven.org/maven2/com/eed3si9n/shaded-jawn-parser_2.12/0.9.1/shaded-jawn-parser_2.12-0.9.1.jar ...[0m
[0m2021.11.30 14:13:04 ERROR 	[SUCCESSFUL ] org.scala-sbt#librarymanagement-ivy_2.12;1.5.0!librarymanagement-ivy_2.12.jar (458ms)[0m
[0m2021.11.30 14:13:04 ERROR downloading https://repo1.maven.org/maven2/com/eed3si9n/shaded-scalajson_2.12/1.0.0-M4/shaded-scalajson_2.12-1.0.0-M4.jar ...[0m
[0m2021.11.30 14:13:04 ERROR 	[SUCCESSFUL ] org.scala-sbt#util-relation_2.12;1.5.2!util-relation_2.12.jar (316ms)[0m
[0m2021.11.30 14:13:04 ERROR downloading https://repo1.maven.org/maven2/org/scala-sbt/completion_2.12/1.5.2/completion_2.12-1.5.2.jar ...[0m
[0m2021.11.30 14:13:05 ERROR 	[SUCCESSFUL ] org.scala-sbt#util-position_2.12;1.5.2!util-position_2.12.jar (316ms)[0m
[0m2021.11.30 14:13:05 ERROR downloading https://repo1.maven.org/maven2/org/scala-sbt/task-system_2.12/1.5.2/task-system_2.12-1.5.2.jar ...[0m
[0m2021.11.30 14:13:05 ERROR 	[SUCCESSFUL ] com.eed3si9n#sjson-new-scalajson_2.12;0.9.1!sjson-new-scalajson_2.12.jar (335ms)[0m
[0m2021.11.30 14:13:05 ERROR downloading https://repo1.maven.org/maven2/org/scala-sbt/tasks_2.12/1.5.2/tasks_2.12-1.5.2.jar ...[0m
[0m2021.11.30 14:13:05 ERROR 	[SUCCESSFUL ] io.get-coursier#lm-coursier-shaded_2.12;2.0.8!lm-coursier-shaded_2.12.jar (897ms)[0m
[0m2021.11.30 14:13:05 ERROR downloading https://repo1.maven.org/maven2/org/scala-sbt/testing_2.12/1.5.2/testing_2.12-1.5.2.jar ...[0m
[0m2021.11.30 14:13:05 ERROR 	[SUCCESSFUL ] com.eed3si9n#sjson-new-core_2.12;0.9.1!sjson-new-core_2.12.jar (355ms)[0m
[0m2021.11.30 14:13:05 ERROR downloading https://repo1.maven.org/maven2/org/scala-sbt/util-tracking_2.12/1.5.2/util-tracking_2.12-1.5.2.jar ...[0m
[0m2021.11.30 14:13:05 ERROR 	[SUCCESSFUL ] com.eed3si9n#shaded-jawn-parser_2.12;0.9.1!shaded-jawn-parser_2.12.jar (341ms)[0m
[0m2021.11.30 14:13:05 ERROR downloading https://repo1.maven.org/maven2/org/jline/jline-terminal/3.19.0/jline-terminal-3.19.0.jar ...[0m
[0m2021.11.30 14:13:05 ERROR 	[SUCCESSFUL ] com.eed3si9n#shaded-scalajson_2.12;1.0.0-M4!shaded-scalajson_2.12.jar (324ms)[0m
[0m2021.11.30 14:13:05 ERROR downloading https://repo1.maven.org/maven2/org/scala-sbt/zinc-classpath_2.12/1.5.3/zinc-classpath_2.12-1.5.3.jar ...[0m
[0m2021.11.30 14:13:05 ERROR 	[SUCCESSFUL ] org.scala-sbt#completion_2.12;1.5.2!completion_2.12.jar (325ms)[0m
[0m2021.11.30 14:13:05 ERROR downloading https://repo1.maven.org/maven2/org/scala-sbt/zinc-apiinfo_2.12/1.5.3/zinc-apiinfo_2.12-1.5.3.jar ...[0m
[0m2021.11.30 14:13:05 ERROR 	[SUCCESSFUL ] org.scala-lang#scala-reflect;2.12.13!scala-reflect.jar (545ms)[0m
[0m2021.11.30 14:13:05 ERROR downloading https://repo1.maven.org/maven2/org/scala-sbt/zinc_2.12/1.5.3/zinc_2.12-1.5.3.jar ...[0m
[0m2021.11.30 14:13:05 ERROR 	[SUCCESSFUL ] org.scala-sbt#task-system_2.12;1.5.2!task-system_2.12.jar (332ms)[0m
[0m2021.11.30 14:13:05 ERROR downloading https://repo1.maven.org/maven2/org/scala-sbt/util-control_2.12/1.5.2/util-control_2.12-1.5.2.jar ...[0m
[0m2021.11.30 14:13:05 ERROR 	[SUCCESSFUL ] org.scala-sbt#tasks_2.12;1.5.2!tasks_2.12.jar (328ms)[0m
[0m2021.11.30 14:13:05 ERROR downloading https://repo1.maven.org/maven2/org/scala-sbt/jline/jline/2.14.7-sbt-a1b0ffbb8f64bb820f4f84a0c07a0c0964507493/jline-2.14.7-sbt-a1b0ffbb8f64bb820f4f84a0c07a0c0964507493.jar ...[0m
[0m2021.11.30 14:13:05 ERROR 	[SUCCESSFUL ] org.scala-sbt#testing_2.12;1.5.2!testing_2.12.jar (326ms)[0m
[0m2021.11.30 14:13:05 ERROR downloading https://repo1.maven.org/maven2/org/jline/jline-reader/3.19.0/jline-reader-3.19.0.jar ...[0m
[0m2021.11.30 14:13:05 ERROR 	[SUCCESSFUL ] org.scala-sbt#util-tracking_2.12;1.5.2!util-tracking_2.12.jar (325ms)[0m
[0m2021.11.30 14:13:05 ERROR downloading https://repo1.maven.org/maven2/org/jline/jline-builtins/3.19.0/jline-builtins-3.19.0.jar ...[0m
[0m2021.11.30 14:13:05 ERROR 	[SUCCESSFUL ] org.scala-sbt#zinc-classpath_2.12;1.5.3!zinc-classpath_2.12.jar (323ms)[0m
[0m2021.11.30 14:13:05 ERROR downloading https://repo1.maven.org/maven2/org/scala-sbt/util-interface/1.5.2/util-interface-1.5.2.jar ...[0m
[0m2021.11.30 14:13:05 ERROR 	[SUCCESSFUL ] org.jline#jline-terminal;3.19.0!jline-terminal.jar (334ms)[0m
[0m2021.11.30 14:13:05 ERROR downloading https://repo1.maven.org/maven2/org/scala-sbt/core-macros_2.12/1.5.2/core-macros_2.12-1.5.2.jar ...[0m
[0m2021.11.30 14:13:05 ERROR 	[SUCCESSFUL ] org.scala-sbt#zinc-apiinfo_2.12;1.5.3!zinc-apiinfo_2.12.jar (319ms)[0m
[0m2021.11.30 14:13:05 ERROR downloading https://repo1.maven.org/maven2/org/jline/jline-terminal-jna/3.19.0/jline-terminal-jna-3.19.0.jar ...[0m
[0m2021.11.30 14:13:05 ERROR 	[SUCCESSFUL ] org.scala-sbt#zinc_2.12;1.5.3!zinc_2.12.jar (329ms)[0m
[0m2021.11.30 14:13:05 ERROR downloading https://repo1.maven.org/maven2/org/jline/jline-terminal-jansi/3.19.0/jline-terminal-jansi-3.19.0.jar ...[0m
[0m2021.11.30 14:13:05 ERROR 	[SUCCESSFUL ] org.scala-sbt#util-control_2.12;1.5.2!util-control_2.12.jar (372ms)[0m
[0m2021.11.30 14:13:05 ERROR 	[SUCCESSFUL ] org.scala-sbt.jline#jline;2.14.7-sbt-a1b0ffbb8f64bb820f4f84a0c07a0c0964507493!jline.jar (351ms)[0m
[0m2021.11.30 14:13:05 ERROR downloading https://repo1.maven.org/maven2/org/scala-lang/scala-compiler/2.12.13/scala-compiler-2.12.13.jar ...[0m
[0m2021.11.30 14:13:05 ERROR downloading https://repo1.maven.org/maven2/com/lmax/disruptor/3.4.2/disruptor-3.4.2.jar ...[0m
[0m2021.11.30 14:13:05 ERROR 	[SUCCESSFUL ] org.jline#jline-reader;3.19.0!jline-reader.jar (350ms)[0m
[0m2021.11.30 14:13:05 ERROR downloading https://repo1.maven.org/maven2/org/fusesource/jansi/jansi/2.1.0/jansi-2.1.0.jar ...[0m
[0m2021.11.30 14:13:05 ERROR 	[SUCCESSFUL ] org.jline#jline-builtins;3.19.0!jline-builtins.jar (385ms)[0m
[0m2021.11.30 14:13:05 ERROR downloading https://repo1.maven.org/maven2/com/swoval/file-tree-views/2.1.6/file-tree-views-2.1.6.jar ...[0m
[0m2021.11.30 14:13:05 ERROR 	[SUCCESSFUL ] org.scala-sbt#util-interface;1.5.2!util-interface.jar (331ms)[0m
[0m2021.11.30 14:13:05 ERROR downloading https://repo1.maven.org/maven2/net/java/dev/jna/jna/5.5.0/jna-5.5.0.jar ...[0m
[0m2021.11.30 14:13:05 ERROR 	[SUCCESSFUL ] org.scala-sbt#core-macros_2.12;1.5.2!core-macros_2.12.jar (353ms)[0m
[0m2021.11.30 14:13:05 ERROR downloading https://repo1.maven.org/maven2/net/java/dev/jna/jna-platform/5.5.0/jna-platform-5.5.0.jar ...[0m
[0m2021.11.30 14:13:05 ERROR 	[SUCCESSFUL ] org.jline#jline-terminal-jna;3.19.0!jline-terminal-jna.jar (328ms)[0m
[0m2021.11.30 14:13:05 ERROR downloading https://repo1.maven.org/maven2/org/jline/jline-style/3.19.0/jline-style-3.19.0.jar ...[0m
[0m2021.11.30 14:13:06 ERROR 	[SUCCESSFUL ] org.jline#jline-terminal-jansi;3.19.0!jline-terminal-jansi.jar (342ms)[0m
[0m2021.11.30 14:13:06 ERROR downloading https://repo1.maven.org/maven2/org/scala-sbt/util-cache_2.12/1.5.2/util-cache_2.12-1.5.2.jar ...[0m
[0m2021.11.30 14:13:06 ERROR 	[SUCCESSFUL ] com.lmax#disruptor;3.4.2!disruptor.jar (343ms)[0m
[0m2021.11.30 14:13:06 ERROR downloading https://repo1.maven.org/maven2/com/eed3si9n/sjson-new-murmurhash_2.12/0.9.1/sjson-new-murmurhash_2.12-0.9.1.jar ...[0m
[0m2021.11.30 14:13:06 ERROR 	[SUCCESSFUL ] org.fusesource.jansi#jansi;2.1.0!jansi.jar (412ms)[0m
[0m2021.11.30 14:13:06 ERROR downloading https://repo1.maven.org/maven2/org/scala-sbt/test-agent/1.5.2/test-agent-1.5.2.jar ...[0m
[0m2021.11.30 14:13:06 ERROR 	[SUCCESSFUL ] com.swoval#file-tree-views;2.1.6!file-tree-views.jar (348ms)[0m
[0m2021.11.30 14:13:06 ERROR downloading https://repo1.maven.org/maven2/org/scala-sbt/test-interface/1.0/test-interface-1.0.jar ...[0m
[0m2021.11.30 14:13:06 ERROR 	[SUCCESSFUL ] net.java.dev.jna#jna;5.5.0!jna.jar (415ms)[0m
[0m2021.11.30 14:13:06 ERROR downloading https://repo1.maven.org/maven2/org/scala-sbt/compiler-bridge_2.12/1.5.3/compiler-bridge_2.12-1.5.3.jar ...[0m
[0m2021.11.30 14:13:06 ERROR 	[SUCCESSFUL ] org.jline#jline-style;3.19.0!jline-style.jar (372ms)[0m
[0m2021.11.30 14:13:06 ERROR downloading https://repo1.maven.org/maven2/org/scala-sbt/zinc-classfile_2.12/1.5.3/zinc-classfile_2.12-1.5.3.jar ...[0m
[0m2021.11.30 14:13:06 ERROR 	[SUCCESSFUL ] org.scala-sbt#util-cache_2.12;1.5.2!util-cache_2.12.jar (331ms)[0m
[0m2021.11.30 14:13:06 ERROR downloading https://repo1.maven.org/maven2/com/jcraft/jsch/0.1.54/jsch-0.1.54.jar ...[0m
[0m2021.11.30 14:13:06 ERROR 	[SUCCESSFUL ] com.eed3si9n#sjson-new-murmurhash_2.12;0.9.1!sjson-new-murmurhash_2.12.jar (341ms)[0m
[0m2021.11.30 14:13:06 ERROR downloading https://repo1.maven.org/maven2/com/eed3si9n/gigahorse-okhttp_2.12/0.5.0/gigahorse-okhttp_2.12-0.5.0.jar ...[0m
[0m2021.11.30 14:13:06 ERROR 	[SUCCESSFUL ] org.scala-sbt#test-agent;1.5.2!test-agent.jar (324ms)[0m
[0m2021.11.30 14:13:06 ERROR downloading https://repo1.maven.org/maven2/com/squareup/okhttp3/okhttp-urlconnection/3.7.0/okhttp-urlconnection-3.7.0.jar ...[0m
[0m2021.11.30 14:13:06 ERROR 	[SUCCESSFUL ] org.scala-sbt#test-interface;1.0!test-interface.jar (367ms)[0m
[0m2021.11.30 14:13:06 ERROR downloading https://repo1.maven.org/maven2/com/eed3si9n/gigahorse-core_2.12/0.5.0/gigahorse-core_2.12-0.5.0.jar ...[0m
[0m2021.11.30 14:13:06 ERROR 	[SUCCESSFUL ] net.java.dev.jna#jna-platform;5.5.0!jna-platform.jar (679ms)[0m
[0m2021.11.30 14:13:06 ERROR downloading https://repo1.maven.org/maven2/com/squareup/okhttp3/okhttp/3.14.2/okhttp-3.14.2.jar ...[0m
[0m2021.11.30 14:13:06 ERROR 	[SUCCESSFUL ] org.scala-sbt#compiler-bridge_2.12;1.5.3!compiler-bridge_2.12.jar (336ms)[0m
[0m2021.11.30 14:13:06 ERROR downloading https://repo1.maven.org/maven2/com/typesafe/ssl-config-core_2.12/0.4.0/ssl-config-core_2.12-0.4.0.jar ...[0m
[0m2021.11.30 14:13:06 ERROR 	[SUCCESSFUL ] org.scala-sbt#zinc-classfile_2.12;1.5.3!zinc-classfile_2.12.jar (337ms)[0m
[0m2021.11.30 14:13:06 ERROR downloading https://repo1.maven.org/maven2/org/reactivestreams/reactive-streams/1.0.2/reactive-streams-1.0.2.jar ...[0m
[0m2021.11.30 14:13:06 ERROR 	[SUCCESSFUL ] com.jcraft#jsch;0.1.54!jsch.jar (328ms)[0m
[0m2021.11.30 14:13:06 ERROR downloading https://repo1.maven.org/maven2/org/slf4j/slf4j-api/1.7.26/slf4j-api-1.7.26.jar ...[0m
[0m2021.11.30 14:13:06 ERROR 	[SUCCESSFUL ] com.eed3si9n#gigahorse-okhttp_2.12;0.5.0!gigahorse-okhttp_2.12.jar (328ms)[0m
[0m2021.11.30 14:13:06 ERROR downloading https://repo1.maven.org/maven2/org/scala-lang/modules/scala-parser-combinators_2.12/1.1.2/scala-parser-combinators_2.12-1.1.2.jar ...[0m
[0m2021.11.30 14:13:06 ERROR 	[SUCCESSFUL ] org.scala-lang#scala-compiler;2.12.13!scala-compiler.jar (1076ms)[0m
[0m2021.11.30 14:13:06 ERROR downloading https://repo1.maven.org/maven2/com/typesafe/config/1.3.3/config-1.3.3.jar ...[0m
[0m2021.11.30 14:13:06 ERROR 	[SUCCESSFUL ] com.squareup.okhttp3#okhttp-urlconnection;3.7.0!okhttp-urlconnection.jar (315ms)[0m
[0m2021.11.30 14:13:06 ERROR downloading https://repo1.maven.org/maven2/com/squareup/okio/okio/1.17.2/okio-1.17.2.jar ...[0m
[0m2021.11.30 14:13:06 ERROR 	[SUCCESSFUL ] com.eed3si9n#gigahorse-core_2.12;0.5.0!gigahorse-core_2.12.jar (327ms)[0m
[0m2021.11.30 14:13:06 ERROR downloading https://repo1.maven.org/maven2/org/scala-sbt/zinc-core_2.12/1.5.3/zinc-core_2.12-1.5.3.jar ...[0m
[0m2021.11.30 14:13:06 ERROR 	[SUCCESSFUL ] org.reactivestreams#reactive-streams;1.0.2!reactive-streams.jar (330ms)[0m
[0m2021.11.30 14:13:06 ERROR 	[SUCCESSFUL ] com.typesafe#ssl-config-core_2.12;0.4.0!ssl-config-core_2.12.jar(bundle) (342ms)[0m
[0m2021.11.30 14:13:06 ERROR downloading https://repo1.maven.org/maven2/org/scala-sbt/zinc-persist_2.12/1.5.3/zinc-persist_2.12-1.5.3.jar ...[0m
[0m2021.11.30 14:13:06 ERROR downloading https://repo1.maven.org/maven2/org/scala-sbt/zinc-compile-core_2.12/1.5.3/zinc-compile-core_2.12-1.5.3.jar ...[0m
[0m2021.11.30 14:13:06 ERROR 	[SUCCESSFUL ] com.squareup.okhttp3#okhttp;3.14.2!okhttp.jar (419ms)[0m
[0m2021.11.30 14:13:06 ERROR downloading https://repo1.maven.org/maven2/org/scala-sbt/zinc-persist-core-assembly/1.5.3/zinc-persist-core-assembly-1.5.3.jar ...[0m
[0m2021.11.30 14:13:07 ERROR 	[SUCCESSFUL ] org.slf4j#slf4j-api;1.7.26!slf4j-api.jar (383ms)[0m
[0m2021.11.30 14:13:07 ERROR downloading https://repo1.maven.org/maven2/net/openhft/zero-allocation-hashing/0.10.1/zero-allocation-hashing-0.10.1.jar ...[0m
[0m2021.11.30 14:13:07 ERROR 	[SUCCESSFUL ] org.scala-lang.modules#scala-parser-combinators_2.12;1.1.2!scala-parser-combinators_2.12.jar(bundle) (346ms)[0m
[0m2021.11.30 14:13:07 ERROR downloading https://repo1.maven.org/maven2/org/scala-sbt/sbinary_2.12/0.5.1/sbinary_2.12-0.5.1.jar ...[0m
[0m2021.11.30 14:13:07 ERROR 	[SUCCESSFUL ] com.squareup.okio#okio;1.17.2!okio.jar (350ms)[0m
[0m2021.11.30 14:13:07 ERROR downloading https://repo1.maven.org/maven2/org/scala-sbt/protocol_2.12/1.5.2/protocol_2.12-1.5.2.jar ...[0m
[0m2021.11.30 14:13:07 ERROR 	[SUCCESSFUL ] com.typesafe#config;1.3.3!config.jar(bundle) (382ms)[0m
[0m2021.11.30 14:13:07 ERROR downloading https://repo1.maven.org/maven2/org/scala-sbt/template-resolver/0.1/template-resolver-0.1.jar ...[0m
[0m2021.11.30 14:13:07 ERROR 	[SUCCESSFUL ] org.scala-sbt#zinc-core_2.12;1.5.3!zinc-core_2.12.jar (352ms)[0m
[0m2021.11.30 14:13:07 ERROR downloading https://repo1.maven.org/maven2/org/scala-sbt/ipcsocket/ipcsocket/1.3.0/ipcsocket-1.3.0.jar ...[0m
[0m2021.11.30 14:13:07 ERROR 	[SUCCESSFUL ] org.scala-sbt#zinc-compile-core_2.12;1.5.3!zinc-compile-core_2.12.jar (334ms)[0m
[0m2021.11.30 14:13:07 ERROR 	[SUCCESSFUL ] org.scala-sbt#zinc-persist_2.12;1.5.3!zinc-persist_2.12.jar (344ms)[0m
[0m2021.11.30 14:13:07 ERROR downloading https://repo1.maven.org/maven2/com/google/errorprone/error_prone_annotations/2.4.0/error_prone_annotations-2.4.0.jar ...[0m
[0m2021.11.30 14:13:07 ERROR downloading https://repo1.maven.org/maven2/org/checkerframework/checker-qual/3.4.1/checker-qual-3.4.1.jar ...[0m
[0m2021.11.30 14:13:07 ERROR 	[SUCCESSFUL ] net.openhft#zero-allocation-hashing;0.10.1!zero-allocation-hashing.jar(bundle) (343ms)[0m
[0m2021.11.30 14:13:07 ERROR downloading https://repo1.maven.org/maven2/org/scala-lang/modules/scala-collection-compat_2.12/2.4.2/scala-collection-compat_2.12-2.4.2.jar ...[0m
[0m2021.11.30 14:13:07 ERROR 	[SUCCESSFUL ] org.scala-sbt#sbinary_2.12;0.5.1!sbinary_2.12.jar (359ms)[0m
[0m2021.11.30 14:13:07 ERROR downloading https://repo1.maven.org/maven2/org/scala-sbt/ivy/ivy/2.3.0-sbt-fbc4f586aeeb1591710b14eb4f41b94880dcd745/ivy-2.3.0-sbt-fbc4f586aeeb1591710b14eb4f41b94880dcd745.jar ...[0m
[0m2021.11.30 14:13:07 ERROR 	[SUCCESSFUL ] org.scala-sbt#zinc-persist-core-assembly;1.5.3!zinc-persist-core-assembly.jar (467ms)[0m
[0m2021.11.30 14:13:07 ERROR 	[SUCCESSFUL ] org.scala-sbt#protocol_2.12;1.5.2!protocol_2.12.jar (359ms)[0m
[0m2021.11.30 14:13:07 ERROR 	[SUCCESSFUL ] org.scala-sbt#template-resolver;0.1!template-resolver.jar (347ms)[0m
[0m2021.11.30 14:13:07 ERROR 	[SUCCESSFUL ] org.scala-sbt.ipcsocket#ipcsocket;1.3.0!ipcsocket.jar (323ms)[0m
[0m2021.11.30 14:13:07 ERROR 	[SUCCESSFUL ] com.google.errorprone#error_prone_annotations;2.4.0!error_prone_annotations.jar (323ms)[0m
[0m2021.11.30 14:13:07 ERROR 	[SUCCESSFUL ] org.checkerframework#checker-qual;3.4.1!checker-qual.jar (335ms)[0m
[0m2021.11.30 14:13:07 ERROR 	[SUCCESSFUL ] org.scala-lang.modules#scala-collection-compat_2.12;2.4.2!scala-collection-compat_2.12.jar (440ms)[0m
[0m2021.11.30 14:13:07 ERROR 	[SUCCESSFUL ] org.scala-sbt.ivy#ivy;2.3.0-sbt-fbc4f586aeeb1591710b14eb4f41b94880dcd745!ivy.jar (573ms)[0m
[0m2021.11.30 14:13:08 ERROR :: retrieving :: org.scala-sbt#boot-app[0m
[0m2021.11.30 14:13:08 ERROR 	confs: [default][0m
[0m2021.11.30 14:13:08 ERROR 	83 artifacts copied, 0 already retrieved[0m
[0m2021.11.30 14:13:08 ERROR [info] [launcher] getting Scala 2.12.13 (for sbt)...[0m
[0m2021.11.30 14:13:16 ERROR downloading https://repo1.maven.org/maven2/org/fusesource/jansi/jansi/1.12/jansi-1.12.jar ...[0m
[0m2021.11.30 14:13:16 ERROR downloading https://repo1.maven.org/maven2/org/scala-lang/modules/scala-xml_2.12/1.0.6/scala-xml_2.12-1.0.6.jar ...[0m
[0m2021.11.30 14:13:16 ERROR downloading https://repo1.maven.org/maven2/jline/jline/2.14.6/jline-2.14.6.jar ...[0m
[0m2021.11.30 14:13:16 ERROR 	[SUCCESSFUL ] org.fusesource.jansi#jansi;1.12!jansi.jar (319ms)[0m
[0m2021.11.30 14:13:16 ERROR 	[SUCCESSFUL ] jline#jline;2.14.6!jline.jar (760ms)[0m
[0m2021.11.30 14:13:16 ERROR 	[SUCCESSFUL ] org.scala-lang.modules#scala-xml_2.12;1.0.6!scala-xml_2.12.jar(bundle) (797ms)[0m
[0m2021.11.30 14:13:16 ERROR :: retrieving :: org.scala-sbt#boot-scala[0m
[0m2021.11.30 14:13:16 ERROR 	confs: [default][0m
[0m2021.11.30 14:13:16 ERROR 	6 artifacts copied, 0 already retrieved[0m
[0m2021.11.30 14:13:17 INFO  no build target: using presentation compiler with only scala-library: 3.1.0[0m
[0m2021.11.30 14:13:17 INFO  time: evaluated worksheet 'example.worksheet.sc' in 20s[0m
[0m2021.11.30 14:13:20 INFO  [info] welcome to sbt 1.5.2 (Oracle Corporation Java 11.0.12)[0m
[0m2021.11.30 14:13:25 INFO  [info] loading settings for project scala-project-build-build from metals.sbt ...[0m
[0m2021.11.30 14:13:27 INFO  [info] loading project definition from /home/felipev/Documents/Proyectos_Personales/Scala Specialization (Coursera)/scala-project/project/project[0m
[0m2021.11.30 14:13:35 INFO  [info] loading settings for project scala-project-build from metals.sbt ...[0m
[0m2021.11.30 14:13:35 INFO  [info] loading project definition from /home/felipev/Documents/Proyectos_Personales/Scala Specialization (Coursera)/scala-project/project[0m
[0m2021.11.30 14:13:46 INFO  [success] Generated .bloop/scala-project-build.json[0m
[0m2021.11.30 14:13:46 INFO  [success] Total time: 11 s, completed Nov 30, 2021, 2:13:46 PM[0m
[0m2021.11.30 14:13:48 INFO  [info] loading settings for project scala-project from build.sbt ...[0m
[0m2021.11.30 14:13:48 INFO  [info] set current project to scala-project (in build file:/home/felipev/Documents/Proyectos_Personales/Scala%20Specialization%20(Coursera)/scala-project/)[0m
[0m2021.11.30 14:13:55 INFO  [success] Generated .bloop/scala-project.json[0m
[0m2021.11.30 14:13:55 INFO  [success] Generated .bloop/scala-project-test.json[0m
[0m2021.11.30 14:13:55 INFO  [success] Total time: 6 s, completed Nov 30, 2021, 2:13:55 PM[0m
[0m2021.11.30 14:13:56 INFO  time: ran 'sbt bloopInstall' in 2m16s[0m
[0m2021.11.30 14:13:56 INFO  Attempting to connect to the build server...[0m
Starting the bsp launcher for bloop...
Opening a bsp server connection with 'bsp --protocol local --socket /tmp/bsp-launcher13356004140191607/bsp.socket'...
Waiting for the bsp connection to come up...
Waiting for the bsp connection to come up...
Waiting for the bsp connection to come up...
Waiting for the bsp connection to come up...
Waiting for the bsp connection to come up...
Waiting for the bsp connection to come up...
Waiting for the bsp connection to come up...
Waiting for the bsp connection to come up...
Waiting for the bsp connection to come up...
Waiting for the bsp connection to come up...
No server running at 127.0.0.1:8212, let's fire one...
Resolving ch.epfl.scala:bloop-frontend_2.12:1.4.11...
Starting bloop server at 127.0.0.1:8212...
Attempting a connection to the server...
Attempting a connection to the server...
Attempting a connection to the server...
Attempting a connection to the server...
Attempting a connection to the server...
Attempting a connection to the server...
Attempting a connection to the server...
[0m[32m[D][0m Loading 2 projects from '/home/felipev/Documents/Proyectos_Personales/Scala Specialization (Coursera)/scala-project/.bloop'...
[0m[32m[D][0m Loading project from '/home/felipev/Documents/Proyectos_Personales/Scala Specialization (Coursera)/scala-project/.bloop/scala-project-test.json'
[0m[32m[D][0m Loading project from '/home/felipev/Documents/Proyectos_Personales/Scala Specialization (Coursera)/scala-project/.bloop/scala-project.json'
[0m[32m[D][0m Cache miss for scala instance org.scala-lang:scala-compiler:3.0.0.
[0m[32m[D][0m   => /home/felipev/.cache/coursier/v1/https/repo1.maven.org/maven2/com/fasterxml/jackson/core/jackson-annotations/2.2.3/jackson-annotations-2.2.3.jar
[0m[32m[D][0m   => /home/felipev/.cache/coursier/v1/https/repo1.maven.org/maven2/com/fasterxml/jackson/core/jackson-core/2.9.8/jackson-core-2.9.8.jar
[0m[32m[D][0m   => /home/felipev/.cache/coursier/v1/https/repo1.maven.org/maven2/com/fasterxml/jackson/core/jackson-databind/2.2.3/jackson-databind-2.2.3.jar
[0m[32m[D][0m   => /home/felipev/.cache/coursier/v1/https/repo1.maven.org/maven2/com/fasterxml/jackson/dataformat/jackson-dataformat-yaml/2.9.8/jackson-dataformat-yaml-2.9.8.jar
[0m[32m[D][0m   => /home/felipev/.cache/coursier/v1/https/repo1.maven.org/maven2/com/google/protobuf/protobuf-java/3.7.0/protobuf-java-3.7.0.jar
[0m[32m[D][0m   => /home/felipev/.cache/coursier/v1/https/repo1.maven.org/maven2/com/vladsch/flexmark/flexmark-ext-anchorlink/0.42.12/flexmark-ext-anchorlink-0.42.12.jar
[0m[32m[D][0m   => /home/felipev/.cache/coursier/v1/https/repo1.maven.org/maven2/com/vladsch/flexmark/flexmark-ext-autolink/0.42.12/flexmark-ext-autolink-0.42.12.jar
[0m[32m[D][0m   => /home/felipev/.cache/coursier/v1/https/repo1.maven.org/maven2/com/vladsch/flexmark/flexmark-ext-emoji/0.42.12/flexmark-ext-emoji-0.42.12.jar
[0m[32m[D][0m   => /home/felipev/.cache/coursier/v1/https/repo1.maven.org/maven2/com/vladsch/flexmark/flexmark-ext-gfm-strikethrough/0.42.12/flexmark-ext-gfm-strikethrough-0.42.12.jar
[0m[32m[D][0m   => /home/felipev/.cache/coursier/v1/https/repo1.maven.org/maven2/com/vladsch/flexmark/flexmark-ext-gfm-tables/0.42.12/flexmark-ext-gfm-tables-0.42.12.jar
[0m[32m[D][0m   => /home/felipev/.cache/coursier/v1/https/repo1.maven.org/maven2/com/vladsch/flexmark/flexmark-ext-gfm-tasklist/0.42.12/flexmark-ext-gfm-tasklist-0.42.12.jar
[0m[32m[D][0m   => /home/felipev/.cache/coursier/v1/https/repo1.maven.org/maven2/com/vladsch/flexmark/flexmark-ext-ins/0.42.12/flexmark-ext-ins-0.42.12.jar
[0m[32m[D][0m   => /home/felipev/.cache/coursier/v1/https/repo1.maven.org/maven2/com/vladsch/flexmark/flexmark-ext-superscript/0.42.12/flexmark-ext-superscript-0.42.12.jar
[0m[32m[D][0m   => /home/felipev/.cache/coursier/v1/https/repo1.maven.org/maven2/com/vladsch/flexmark/flexmark-ext-tables/0.42.12/flexmark-ext-tables-0.42.12.jar
[0m[32m[D][0m   => /home/felipev/.cache/coursier/v1/https/repo1.maven.org/maven2/com/vladsch/flexmark/flexmark-ext-wikilink/0.42.12/flexmark-ext-wikilink-0.42.12.jar
[0m[32m[D][0m   => /home/felipev/.cache/coursier/v1/https/repo1.maven.org/maven2/com/vladsch/flexmark/flexmark-ext-yaml-front-matter/0.42.12/flexmark-ext-yaml-front-matter-0.42.12.jar
[0m[32m[D][0m   => /home/felipev/.cache/coursier/v1/https/repo1.maven.org/maven2/com/vladsch/flexmark/flexmark-formatter/0.42.12/flexmark-formatter-0.42.12.jar
[0m[32m[D][0m   => /home/felipev/.cache/coursier/v1/https/repo1.maven.org/maven2/com/vladsch/flexmark/flexmark-html-parser/0.42.12/flexmark-html-parser-0.42.12.jar
[0m[32m[D][0m   => /home/felipev/.cache/coursier/v1/https/repo1.maven.org/maven2/com/vladsch/flexmark/flexmark-jira-converter/0.42.12/flexmark-jira-converter-0.42.12.jar
[0m[32m[D][0m   => /home/felipev/.cache/coursier/v1/https/repo1.maven.org/maven2/com/vladsch/flexmark/flexmark-util/0.42.12/flexmark-util-0.42.12.jar
[0m[32m[D][0m   => /home/felipev/.cache/coursier/v1/https/repo1.maven.org/maven2/com/vladsch/flexmark/flexmark/0.42.12/flexmark-0.42.12.jar
[0m[32m[D][0m   => /home/felipev/.cache/coursier/v1/https/repo1.maven.org/maven2/net/java/dev/jna/jna/5.3.1/jna-5.3.1.jar
[0m[32m[D][0m   => /home/felipev/.cache/coursier/v1/https/repo1.maven.org/maven2/nl/big-o/liqp/0.6.7/liqp-0.6.7.jar
[0m[32m[D][0m   => /home/felipev/.cache/coursier/v1/https/repo1.maven.org/maven2/org/antlr/ST4/4.0.7/ST4-4.0.7.jar
[0m[32m[D][0m   => /home/felipev/.cache/coursier/v1/https/repo1.maven.org/maven2/org/antlr/antlr-runtime/3.5.1/antlr-runtime-3.5.1.jar
[0m[32m[D][0m   => /home/felipev/.cache/coursier/v1/https/repo1.maven.org/maven2/org/antlr/antlr/3.5.1/antlr-3.5.1.jar
[0m[32m[D][0m   => /home/felipev/.cache/coursier/v1/https/repo1.maven.org/maven2/org/jline/jline-reader/3.19.0/jline-reader-3.19.0.jar
[0m[32m[D][0m   => /home/felipev/.cache/coursier/v1/https/repo1.maven.org/maven2/org/jline/jline-terminal-jna/3.19.0/jline-terminal-jna-3.19.0.jar
[0m[32m[D][0m   => /home/felipev/.cache/coursier/v1/https/repo1.maven.org/maven2/org/jline/jline-terminal/3.19.0/jline-terminal-3.19.0.jar
[0m[32m[D][0m   => /home/felipev/.cache/coursier/v1/https/repo1.maven.org/maven2/org/jsoup/jsoup/1.13.1/jsoup-1.13.1.jar
[0m[32m[D][0m   => /home/felipev/.cache/coursier/v1/https/repo1.maven.org/maven2/org/nibor/autolink/autolink/0.6.0/autolink-0.6.0.jar
[0m[32m[D][0m   => /home/felipev/.cache/coursier/v1/https/repo1.maven.org/maven2/org/scala-lang/modules/scala-asm/9.1.0-scala-1/scala-asm-9.1.0-scala-1.jar
[0m[32m[D][0m   => /home/felipev/.cache/coursier/v1/https/repo1.maven.org/maven2/org/scala-lang/scala-library/2.13.5/scala-library-2.13.5.jar
[0m[32m[D][0m   => /home/felipev/.cache/coursier/v1/https/repo1.maven.org/maven2/org/scala-lang/scala3-compiler_3/3.0.0/scala3-compiler_3-3.0.0.jar
[0m[32m[D][0m   => /home/felipev/.cache/coursier/v1/https/repo1.maven.org/maven2/org/scala-lang/scala3-interfaces/3.0.0/scala3-interfaces-3.0.0.jar
[0m[32m[D][0m   => /home/felipev/.cache/coursier/v1/https/repo1.maven.org/maven2/org/scala-lang/scala3-library_3/3.0.0/scala3-library_3-3.0.0.jar
[0m[32m[D][0m   => /home/felipev/.cache/coursier/v1/https/repo1.maven.org/maven2/org/scala-lang/scala3-tasty-inspector_3/3.0.0/scala3-tasty-inspector_3-3.0.0.jar
[0m[32m[D][0m   => /home/felipev/.cache/coursier/v1/https/repo1.maven.org/maven2/org/scala-lang/scaladoc_3/3.0.0/scaladoc_3-3.0.0.jar
[0m[32m[D][0m   => /home/felipev/.cache/coursier/v1/https/repo1.maven.org/maven2/org/scala-lang/tasty-core_3/3.0.0/tasty-core_3-3.0.0.jar
[0m[32m[D][0m   => /home/felipev/.cache/coursier/v1/https/repo1.maven.org/maven2/org/scala-sbt/compiler-interface/1.3.5/compiler-interface-1.3.5.jar
[0m[32m[D][0m   => /home/felipev/.cache/coursier/v1/https/repo1.maven.org/maven2/org/scala-sbt/util-interface/1.3.0/util-interface-1.3.0.jar
[0m[32m[D][0m   => /home/felipev/.cache/coursier/v1/https/repo1.maven.org/maven2/org/yaml/snakeyaml/1.23/snakeyaml-1.23.jar
[0m[32m[D][0m Missing analysis file for project 'scala-project'
[0m[32m[D][0m Missing analysis file for project 'scala-project-test'
[0m[32m[D][0m Waiting for a connection at local:///tmp/bsp-launcher13356004140191607/bsp.socket...
The server is listening for incoming connections at local:///tmp/bsp-launcher13356004140191607/bsp.socket...
Starting thread that pumps stdin and redirects it to the bsp server...
Starting thread that pumps server stdout and redirects it to the client stdout...
[0m2021.11.30 14:14:06 INFO  tracing is disabled for protocol BSP, to enable tracing of incoming and outgoing JSON messages create an empty file at /home/felipev/.cache/metals/bsp.trace.json[0m
[0m2021.11.30 14:14:06 INFO  Attempting to connect to the build server...[0m
Starting the bsp launcher for bloop...
Opening a bsp server connection with 'bsp --protocol local --socket /tmp/bsp-launcher8274389220358394460/bsp.socket'...
Waiting for the bsp connection to come up...
[0m[32m[D][0m Loading workspace settings from bloop.settings.json
[0m[32m[D][0m Waiting for a connection at local:///tmp/bsp-launcher8274389220358394460/bsp.socket...
The server is listening for incoming connections at local:///tmp/bsp-launcher8274389220358394460/bsp.socket...
Starting thread that pumps stdin and redirects it to the bsp server...
Starting thread that pumps server stdout and redirects it to the client stdout...
[0m2021.11.30 14:14:07 INFO  tracing is disabled for protocol BSP, to enable tracing of incoming and outgoing JSON messages create an empty file at /home/felipev/.cache/metals/bsp.trace.json[0m
Default dialect is deprecated; use explicit: [Scala211,scala212,Scala212Source3,scala213,Scala213Source3,Sbt0137,Sbt1,scala3]
Also see https://scalameta.org/scalafmt/docs/configuration.html#scala-dialects"
[0m2021.11.30 14:14:12 INFO  time: Connected to build server in 16s[0m
[0m2021.11.30 14:14:12 INFO  Connected to Build server: Bloop v1.4.11[0m
[0m2021.11.30 14:14:12 INFO  time: Imported build in 0.22s[0m
[0m2021.11.30 14:14:12 INFO  Required scalafmt dialect rewrite to 'scala3'. Directories:
- src/main/scala[0m
[0m2021.11.30 14:14:12 INFO  time: evaluated worksheet 'example.worksheet.sc' in 1.54s[0m
[0m2021.11.30 14:14:15 WARN  Could not find java sources in None. Java symbols will not be available.[0m
[0m2021.11.30 14:14:19 INFO  time: indexed workspace in 6.71s[0m
[0m2021.11.30 14:14:22 INFO  no build target: using presentation compiler with only scala-library: 3.0.0[0m
[0m2021.11.30 14:14:24 INFO  time: evaluated worksheet 'example.worksheet.sc' in 4.49s[0m
[0m2021.11.30 14:14:25 INFO  time: evaluated worksheet 'example.worksheet.sc' in 0.7s[0m
[0m2021.11.30 14:14:26 INFO  time: code lens generation in 5.89s[0m
[0m2021.11.30 14:14:26 INFO  time: code lens generation in 2.32s[0m
[0m2021.11.30 14:14:26 INFO  time: evaluated worksheet 'example.worksheet.sc' in 0.57s[0m
[0m2021.11.30 14:14:27 INFO  time: evaluated worksheet 'example.worksheet.sc' in 0.59s[0m
[0m2021.11.30 14:14:28 INFO  time: evaluated worksheet 'example.worksheet.sc' in 0.53s[0m
[0m2021.11.30 14:14:29 INFO  time: evaluated worksheet 'example.worksheet.sc' in 0.52s[0m
[0m2021.11.30 14:14:29 INFO  time: evaluated worksheet 'example.worksheet.sc' in 0.48s[0m
[0m2021.11.30 14:14:30 INFO  time: evaluated worksheet 'example.worksheet.sc' in 0.34s[0m
[0m2021.11.30 14:14:30 INFO  time: evaluated worksheet 'example.worksheet.sc' in 0.37s[0m
[0m2021.11.30 14:14:31 INFO  time: evaluated worksheet 'example.worksheet.sc' in 0.62s[0m
[0m2021.11.30 14:14:31 INFO  time: evaluated worksheet 'example.worksheet.sc' in 0.34s[0m
[0m2021.11.30 14:14:37 INFO  time: evaluated worksheet 'example.worksheet.sc' in 0.71s[0m
[0m2021.11.30 14:14:47 INFO  time: evaluated worksheet 'example.worksheet.sc' in 0.47s[0m
[0m2021.11.30 14:14:49 INFO  time: evaluated worksheet 'example.worksheet.sc' in 0.32s[0m
[0m2021.11.30 14:14:49 INFO  time: evaluated worksheet 'example.worksheet.sc' in 0.3s[0m
[0m2021.11.30 14:14:49 INFO  time: evaluated worksheet 'example.worksheet.sc' in 0.31s[0m
[0m2021.11.30 14:14:49 INFO  time: evaluated worksheet 'example.worksheet.sc' in 0.32s[0m
[0m2021.11.30 14:14:49 INFO  time: evaluated worksheet 'example.worksheet.sc' in 0.28s[0m
[0m2021.11.30 14:14:54 INFO  time: evaluated worksheet 'example.worksheet.sc' in 0.32s[0m
[0m2021.11.30 14:14:56 INFO  time: evaluated worksheet 'example.worksheet.sc' in 0.27s[0m
[0m2021.11.30 14:14:56 INFO  time: evaluated worksheet 'example.worksheet.sc' in 0.27s[0m
[0m2021.11.30 14:15:18 INFO  time: evaluated worksheet 'example.worksheet.sc' in 0.33s[0m
[0m2021.11.30 14:15:18 INFO  time: evaluated worksheet 'example.worksheet.sc' in 0.29s[0m
[0m2021.11.30 14:15:19 INFO  time: evaluated worksheet 'example.worksheet.sc' in 0.33s[0m
[0m2021.11.30 14:15:36 INFO  time: evaluated worksheet 'example.worksheet.sc' in 0.51s[0m
[0m2021.11.30 14:15:42 INFO  time: evaluated worksheet 'example.worksheet.sc' in 0.25s[0m
[0m2021.11.30 14:22:10 INFO  Started: Metals version 0.10.9 in workspace '/home/felipev/Documents/Proyectos_Personales/Scala Specialization (Coursera)/scala-project' for client Code - OSS 1.61.0.[0m
[0m2021.11.30 14:22:14 INFO  time: initialize in 3.78s[0m
[0m2021.11.30 14:22:19 INFO  Attempting to connect to the build server...[0m
Starting the bsp launcher for bloop...
Opening a bsp server connection with 'bsp --protocol local --socket /tmp/bsp-launcher18102939223720710036/bsp.socket'...
Waiting for the bsp connection to come up...
[0m2021.11.30 14:22:19 INFO  skipping build import with status 'Installed'[0m
Waiting for the bsp connection to come up...
Waiting for the bsp connection to come up...
Waiting for the bsp connection to come up...
Waiting for the bsp connection to come up...
Waiting for the bsp connection to come up...
Waiting for the bsp connection to come up...
Waiting for the bsp connection to come up...
Waiting for the bsp connection to come up...
[0m2021.11.30 14:22:28 INFO  no build target: using presentation compiler with only scala-library: 3.1.0[0m
No server running at 127.0.0.1:8212, let's fire one...
Resolving ch.epfl.scala:bloop-frontend_2.12:1.4.11...
Starting bloop server at 127.0.0.1:8212...
Attempting a connection to the server...
Attempting a connection to the server...
Attempting a connection to the server...
Attempting a connection to the server...
Attempting a connection to the server...
Attempting a connection to the server...
Attempting a connection to the server...
Attempting a connection to the server...
Attempting a connection to the server...
Attempting a connection to the server...
Attempting a connection to the server...
Attempting a connection to the server...
Attempting a connection to the server...
Attempting a connection to the server...
Attempting a connection to the server...
Attempting a connection to the server...
[0m[32m[D][0m Loading workspace settings from bloop.settings.json
[0m[32m[D][0m Loading 2 projects from '/home/felipev/Documents/Proyectos_Personales/Scala Specialization (Coursera)/scala-project/.bloop'...
[0m[32m[D][0m Loading project from '/home/felipev/Documents/Proyectos_Personales/Scala Specialization (Coursera)/scala-project/.bloop/scala-project.json'
[0m[32m[D][0m Loading project from '/home/felipev/Documents/Proyectos_Personales/Scala Specialization (Coursera)/scala-project/.bloop/scala-project-test.json'
[0m[32m[D][0m Cache miss for scala instance org.scala-lang:scala-compiler:3.0.0.
[0m[32m[D][0m   => /home/felipev/.cache/coursier/v1/https/repo1.maven.org/maven2/com/fasterxml/jackson/core/jackson-annotations/2.2.3/jackson-annotations-2.2.3.jar
[0m[32m[D][0m   => /home/felipev/.cache/coursier/v1/https/repo1.maven.org/maven2/com/fasterxml/jackson/core/jackson-core/2.9.8/jackson-core-2.9.8.jar
[0m[32m[D][0m   => /home/felipev/.cache/coursier/v1/https/repo1.maven.org/maven2/com/fasterxml/jackson/core/jackson-databind/2.2.3/jackson-databind-2.2.3.jar
[0m[32m[D][0m   => /home/felipev/.cache/coursier/v1/https/repo1.maven.org/maven2/com/fasterxml/jackson/dataformat/jackson-dataformat-yaml/2.9.8/jackson-dataformat-yaml-2.9.8.jar
[0m[32m[D][0m   => /home/felipev/.cache/coursier/v1/https/repo1.maven.org/maven2/com/google/protobuf/protobuf-java/3.7.0/protobuf-java-3.7.0.jar
[0m[32m[D][0m   => /home/felipev/.cache/coursier/v1/https/repo1.maven.org/maven2/com/vladsch/flexmark/flexmark-ext-anchorlink/0.42.12/flexmark-ext-anchorlink-0.42.12.jar
[0m[32m[D][0m   => /home/felipev/.cache/coursier/v1/https/repo1.maven.org/maven2/com/vladsch/flexmark/flexmark-ext-autolink/0.42.12/flexmark-ext-autolink-0.42.12.jar
[0m[32m[D][0m   => /home/felipev/.cache/coursier/v1/https/repo1.maven.org/maven2/com/vladsch/flexmark/flexmark-ext-emoji/0.42.12/flexmark-ext-emoji-0.42.12.jar
[0m[32m[D][0m   => /home/felipev/.cache/coursier/v1/https/repo1.maven.org/maven2/com/vladsch/flexmark/flexmark-ext-gfm-strikethrough/0.42.12/flexmark-ext-gfm-strikethrough-0.42.12.jar
[0m[32m[D][0m   => /home/felipev/.cache/coursier/v1/https/repo1.maven.org/maven2/com/vladsch/flexmark/flexmark-ext-gfm-tables/0.42.12/flexmark-ext-gfm-tables-0.42.12.jar
[0m[32m[D][0m   => /home/felipev/.cache/coursier/v1/https/repo1.maven.org/maven2/com/vladsch/flexmark/flexmark-ext-gfm-tasklist/0.42.12/flexmark-ext-gfm-tasklist-0.42.12.jar
[0m[32m[D][0m   => /home/felipev/.cache/coursier/v1/https/repo1.maven.org/maven2/com/vladsch/flexmark/flexmark-ext-ins/0.42.12/flexmark-ext-ins-0.42.12.jar
[0m[32m[D][0m   => /home/felipev/.cache/coursier/v1/https/repo1.maven.org/maven2/com/vladsch/flexmark/flexmark-ext-superscript/0.42.12/flexmark-ext-superscript-0.42.12.jar
[0m[32m[D][0m   => /home/felipev/.cache/coursier/v1/https/repo1.maven.org/maven2/com/vladsch/flexmark/flexmark-ext-tables/0.42.12/flexmark-ext-tables-0.42.12.jar
[0m[32m[D][0m   => /home/felipev/.cache/coursier/v1/https/repo1.maven.org/maven2/com/vladsch/flexmark/flexmark-ext-wikilink/0.42.12/flexmark-ext-wikilink-0.42.12.jar
[0m[32m[D][0m   => /home/felipev/.cache/coursier/v1/https/repo1.maven.org/maven2/com/vladsch/flexmark/flexmark-ext-yaml-front-matter/0.42.12/flexmark-ext-yaml-front-matter-0.42.12.jar
[0m[32m[D][0m   => /home/felipev/.cache/coursier/v1/https/repo1.maven.org/maven2/com/vladsch/flexmark/flexmark-formatter/0.42.12/flexmark-formatter-0.42.12.jar
[0m[32m[D][0m   => /home/felipev/.cache/coursier/v1/https/repo1.maven.org/maven2/com/vladsch/flexmark/flexmark-html-parser/0.42.12/flexmark-html-parser-0.42.12.jar
[0m[32m[D][0m   => /home/felipev/.cache/coursier/v1/https/repo1.maven.org/maven2/com/vladsch/flexmark/flexmark-jira-converter/0.42.12/flexmark-jira-converter-0.42.12.jar
[0m[32m[D][0m   => /home/felipev/.cache/coursier/v1/https/repo1.maven.org/maven2/com/vladsch/flexmark/flexmark-util/0.42.12/flexmark-util-0.42.12.jar
[0m[32m[D][0m   => /home/felipev/.cache/coursier/v1/https/repo1.maven.org/maven2/com/vladsch/flexmark/flexmark/0.42.12/flexmark-0.42.12.jar
[0m[32m[D][0m   => /home/felipev/.cache/coursier/v1/https/repo1.maven.org/maven2/net/java/dev/jna/jna/5.3.1/jna-5.3.1.jar
[0m[32m[D][0m   => /home/felipev/.cache/coursier/v1/https/repo1.maven.org/maven2/nl/big-o/liqp/0.6.7/liqp-0.6.7.jar
[0m[32m[D][0m   => /home/felipev/.cache/coursier/v1/https/repo1.maven.org/maven2/org/antlr/ST4/4.0.7/ST4-4.0.7.jar
[0m[32m[D][0m   => /home/felipev/.cache/coursier/v1/https/repo1.maven.org/maven2/org/antlr/antlr-runtime/3.5.1/antlr-runtime-3.5.1.jar
[0m[32m[D][0m   => /home/felipev/.cache/coursier/v1/https/repo1.maven.org/maven2/org/antlr/antlr/3.5.1/antlr-3.5.1.jar
[0m[32m[D][0m   => /home/felipev/.cache/coursier/v1/https/repo1.maven.org/maven2/org/jline/jline-reader/3.19.0/jline-reader-3.19.0.jar
[0m[32m[D][0m   => /home/felipev/.cache/coursier/v1/https/repo1.maven.org/maven2/org/jline/jline-terminal-jna/3.19.0/jline-terminal-jna-3.19.0.jar
[0m[32m[D][0m   => /home/felipev/.cache/coursier/v1/https/repo1.maven.org/maven2/org/jline/jline-terminal/3.19.0/jline-terminal-3.19.0.jar
[0m[32m[D][0m   => /home/felipev/.cache/coursier/v1/https/repo1.maven.org/maven2/org/jsoup/jsoup/1.13.1/jsoup-1.13.1.jar
[0m[32m[D][0m   => /home/felipev/.cache/coursier/v1/https/repo1.maven.org/maven2/org/nibor/autolink/autolink/0.6.0/autolink-0.6.0.jar
[0m[32m[D][0m   => /home/felipev/.cache/coursier/v1/https/repo1.maven.org/maven2/org/scala-lang/modules/scala-asm/9.1.0-scala-1/scala-asm-9.1.0-scala-1.jar
[0m[32m[D][0m   => /home/felipev/.cache/coursier/v1/https/repo1.maven.org/maven2/org/scala-lang/scala-library/2.13.5/scala-library-2.13.5.jar
[0m[32m[D][0m   => /home/felipev/.cache/coursier/v1/https/repo1.maven.org/maven2/org/scala-lang/scala3-compiler_3/3.0.0/scala3-compiler_3-3.0.0.jar
[0m[32m[D][0m   => /home/felipev/.cache/coursier/v1/https/repo1.maven.org/maven2/org/scala-lang/scala3-interfaces/3.0.0/scala3-interfaces-3.0.0.jar
[0m[32m[D][0m   => /home/felipev/.cache/coursier/v1/https/repo1.maven.org/maven2/org/scala-lang/scala3-library_3/3.0.0/scala3-library_3-3.0.0.jar
[0m[32m[D][0m   => /home/felipev/.cache/coursier/v1/https/repo1.maven.org/maven2/org/scala-lang/scala3-tasty-inspector_3/3.0.0/scala3-tasty-inspector_3-3.0.0.jar
[0m[32m[D][0m   => /home/felipev/.cache/coursier/v1/https/repo1.maven.org/maven2/org/scala-lang/scaladoc_3/3.0.0/scaladoc_3-3.0.0.jar
[0m[32m[D][0m   => /home/felipev/.cache/coursier/v1/https/repo1.maven.org/maven2/org/scala-lang/tasty-core_3/3.0.0/tasty-core_3-3.0.0.jar
[0m[32m[D][0m   => /home/felipev/.cache/coursier/v1/https/repo1.maven.org/maven2/org/scala-sbt/compiler-interface/1.3.5/compiler-interface-1.3.5.jar
[0m[32m[D][0m   => /home/felipev/.cache/coursier/v1/https/repo1.maven.org/maven2/org/scala-sbt/util-interface/1.3.0/util-interface-1.3.0.jar
[0m[32m[D][0m   => /home/felipev/.cache/coursier/v1/https/repo1.maven.org/maven2/org/yaml/snakeyaml/1.23/snakeyaml-1.23.jar
[0m[32m[D][0m Missing analysis file for project 'scala-project-test'
[0m[32m[D][0m Missing analysis file for project 'scala-project'
[0m[32m[D][0m Waiting for a connection at local:///tmp/bsp-launcher18102939223720710036/bsp.socket...
The server is listening for incoming connections at local:///tmp/bsp-launcher18102939223720710036/bsp.socket...
Starting thread that pumps stdin and redirects it to the bsp server...
Starting thread that pumps server stdout and redirects it to the client stdout...
[0m2021.11.30 14:22:29 INFO  tracing is disabled for protocol BSP, to enable tracing of incoming and outgoing JSON messages create an empty file at /home/felipev/.cache/metals/bsp.trace.json[0m
[0m2021.11.30 14:22:30 INFO  Attempting to connect to the build server...[0m
Starting the bsp launcher for bloop...
Opening a bsp server connection with 'bsp --protocol local --socket /tmp/bsp-launcher15566825625169068715/bsp.socket'...
Waiting for the bsp connection to come up...
[0m[32m[D][0m Loading workspace settings from bloop.settings.json
[0m[32m[D][0m Waiting for a connection at local:///tmp/bsp-launcher15566825625169068715/bsp.socket...
The server is listening for incoming connections at local:///tmp/bsp-launcher15566825625169068715/bsp.socket...
Starting thread that pumps stdin and redirects it to the bsp server...
Starting thread that pumps server stdout and redirects it to the client stdout...
[0m2021.11.30 14:22:30 INFO  tracing is disabled for protocol BSP, to enable tracing of incoming and outgoing JSON messages create an empty file at /home/felipev/.cache/metals/bsp.trace.json[0m
[0m2021.11.30 14:22:31 INFO  time: Connected to build server in 11s[0m
[0m2021.11.30 14:22:30 INFO  Connected to Build server: Bloop v1.4.11[0m
Nov 30, 2021 2:22:31 PM org.eclipse.lsp4j.jsonrpc.RemoteEndpoint handleCancellation
WARNING: Unmatched cancel notification for request id 7
Nov 30, 2021 2:22:31 PM org.eclipse.lsp4j.jsonrpc.RemoteEndpoint handleCancellation
WARNING: Unmatched cancel notification for request id 10
Nov 30, 2021 2:22:31 PM org.eclipse.lsp4j.jsonrpc.RemoteEndpoint handleCancellation
WARNING: Unmatched cancel notification for request id 8
[0m2021.11.30 14:22:31 INFO  time: Imported build in 0.45s[0m
[0m2021.11.30 14:22:35 INFO  time: code lens generation in 14s[0m
[0m2021.11.30 14:22:38 INFO  no build target: using presentation compiler with only scala-library: 3.1.0[0m
[0m2021.11.30 14:22:39 INFO  time: code lens generation in 7.81s[0m
[0m2021.11.30 14:22:39 INFO  time: code lens generation in 18s[0m
[0m2021.11.30 14:22:39 INFO  time: code lens generation in 7.74s[0m
[0m2021.11.30 14:22:41 WARN  Could not find java sources in None. Java symbols will not be available.[0m
[0m2021.11.30 14:22:41 INFO  time: indexed workspace in 10s[0m
[0m2021.11.30 14:22:44 INFO  no build target: using presentation compiler with only scala-library: 3.0.0[0m
[0m2021.11.30 14:22:47 INFO  time: code lens generation in 2.48s[0m
[0m2021.11.30 14:22:58 INFO  time: evaluated worksheet 'example.worksheet.sc' in 7.88s[0m
[0m2021.11.30 14:22:58 INFO  time: evaluated worksheet 'example.worksheet.sc' in 0.88s[0m
[0m2021.11.30 14:22:59 INFO  time: evaluated worksheet 'example.worksheet.sc' in 0.9s[0m
[0m2021.11.30 14:23:00 INFO  time: evaluated worksheet 'example.worksheet.sc' in 0.51s[0m
[0m2021.11.30 14:23:00 INFO  time: evaluated worksheet 'example.worksheet.sc' in 0.51s[0m
[0m2021.11.30 14:23:01 INFO  time: evaluated worksheet 'example.worksheet.sc' in 0.44s[0m
Nov 30, 2021 2:50:34 PM org.eclipse.lsp4j.jsonrpc.services.GenericEndpoint notify
INFO: Unsupported notification method: $/setTrace
Nov 30, 2021 2:50:34 PM org.eclipse.lsp4j.jsonrpc.RemoteEndpoint handleNotification
WARNING: Notification threw an exception: {
  "jsonrpc": "2.0",
  "method": "workspace/didChangeWatchedFiles",
  "params": {
    "changes": [
      {
        "uri": "file:///home/felipev/Documents/Proyectos_Personales/Scala%20Specialization%20%28Coursera%29/scala-project/build.sbt",
        "type": 3
      },
      {
        "uri": "file:///home/felipev/Documents/Proyectos_Personales/Scala%20Specialization%20%28Coursera%29/scala-project/project/metals.sbt",
        "type": 3
      },
      {
        "uri": "file:///home/felipev/Documents/Proyectos_Personales/Scala%20Specialization%20%28Coursera%29/scala-project/project/project/metals.sbt",
        "type": 3
      },
      {
        "uri": "file:///home/felipev/Documents/Proyectos_Personales/Scala%20Specialization%20%28Coursera%29/scala-project/project/build.properties",
        "type": 3
      }
    ]
  }
}
java.lang.RuntimeException: java.lang.reflect.InvocationTargetException
	at org.eclipse.lsp4j.jsonrpc.services.GenericEndpoint.lambda$null$0(GenericEndpoint.java:67)
	at org.eclipse.lsp4j.jsonrpc.services.GenericEndpoint.notify(GenericEndpoint.java:152)
	at org.eclipse.lsp4j.jsonrpc.RemoteEndpoint.handleNotification(RemoteEndpoint.java:220)
	at org.eclipse.lsp4j.jsonrpc.RemoteEndpoint.consume(RemoteEndpoint.java:187)
	at org.eclipse.lsp4j.jsonrpc.json.StreamMessageProducer.handleMessage(StreamMessageProducer.java:194)
	at org.eclipse.lsp4j.jsonrpc.json.StreamMessageProducer.listen(StreamMessageProducer.java:94)
	at org.eclipse.lsp4j.jsonrpc.json.ConcurrentMessageProcessor.run(ConcurrentMessageProcessor.java:113)
	at java.base/java.util.concurrent.Executors$RunnableAdapter.call(Executors.java:515)
	at java.base/java.util.concurrent.FutureTask.run(FutureTask.java:264)
	at java.base/java.util.concurrent.ThreadPoolExecutor.runWorker(ThreadPoolExecutor.java:1128)
	at java.base/java.util.concurrent.ThreadPoolExecutor$Worker.run(ThreadPoolExecutor.java:628)
	at java.base/java.lang.Thread.run(Thread.java:829)
Caused by: java.lang.reflect.InvocationTargetException
	at java.base/jdk.internal.reflect.NativeMethodAccessorImpl.invoke0(Native Method)
	at java.base/jdk.internal.reflect.NativeMethodAccessorImpl.invoke(NativeMethodAccessorImpl.java:62)
	at java.base/jdk.internal.reflect.DelegatingMethodAccessorImpl.invoke(DelegatingMethodAccessorImpl.java:43)
	at java.base/java.lang.reflect.Method.invoke(Method.java:566)
	at org.eclipse.lsp4j.jsonrpc.services.GenericEndpoint.lambda$null$0(GenericEndpoint.java:65)
	... 11 more
Caused by: java.nio.file.NoSuchFileException: /home/felipev/Documents/Proyectos_Personales/Scala Specialization (Coursera)/scala-project/build.sbt
	at java.base/sun.nio.fs.UnixException.translateToIOException(UnixException.java:92)
	at java.base/sun.nio.fs.UnixException.rethrowAsIOException(UnixException.java:111)
	at java.base/sun.nio.fs.UnixException.rethrowAsIOException(UnixException.java:116)
	at java.base/sun.nio.fs.UnixFileSystemProvider.newByteChannel(UnixFileSystemProvider.java:219)
	at java.base/java.nio.file.Files.newByteChannel(Files.java:371)
	at java.base/java.nio.file.Files.newByteChannel(Files.java:422)
	at java.base/java.nio.file.Files.readAllBytes(Files.java:3206)
	at scala.meta.internal.io.PlatformFileIO$.slurp(PlatformFileIO.scala:45)
	at scala.meta.internal.io.FileIO$.slurp(FileIO.scala:24)
	at scala.meta.internal.metals.MetalsLanguageServer.$anonfun$onChange$1(MetalsLanguageServer.scala:1338)
	at scala.meta.internal.metals.MetalsLanguageServer.$anonfun$onChange$1$adapted(MetalsLanguageServer.scala:1337)
	at scala.collection.immutable.Stream.foreach(Stream.scala:533)
	at scala.meta.internal.metals.MetalsLanguageServer.onChange(MetalsLanguageServer.scala:1337)
	at scala.meta.internal.metals.MetalsLanguageServer.didChangeWatchedFiles(MetalsLanguageServer.scala:1281)
	... 16 more

